SF:lib/heroes_module/data/hero_repository.dart
DA:15,1
DA:17,1
DA:19,2
DA:20,1
DA:21,1
DA:22,2
DA:24,1
DA:25,5
DA:26,1
DA:29,1
LF:10
LH:10
end_of_record
SF:lib/heroes_module/data/remote_datasource/entity/dto.dart
DA:6,1
DA:8,0
DA:9,0
DA:10,0
DA:11,0
DA:12,0
DA:25,1
DA:27,0
DA:28,0
DA:29,0
DA:30,0
DA:31,0
DA:32,0
DA:33,0
DA:45,1
DA:47,0
DA:48,0
DA:49,0
DA:52,0
DA:53,0
DA:54,0
DA:55,0
DA:56,0
DA:57,0
DA:66,1
DA:68,0
DA:69,0
LF:27
LH:4
end_of_record
SF:lib/heroes_module/data/remote_datasource/hero_service_rest.dart
DA:17,0
DA:19,0
DA:20,0
DA:22,0
DA:23,0
DA:24,0
DA:27,0
LF:7
LH:0
end_of_record
SF:lib/heroes_module/data/remote_datasource/remote_datasource.dart
DA:12,2
DA:14,1
DA:16,2
LF:3
LH:3
end_of_record
SF:lib/heroes_module/domain/hero.dart
DA:6,1
DA:8,1
DA:10,1
DA:11,3
DA:12,3
DA:16,0
DA:19,0
DA:20,0
LF:8
LH:5
end_of_record
SF:lib/heroes_module/domain/usecase/hero_use_case.dart
DA:8,1
DA:10,1
DA:11,2
LF:3
LH:3
end_of_record
